
--> MUTATION :: RMFS_5.c

make: Entering directory `/home/jay/Desktop/Mutate/Mutate/CHashMapViaLinkedList'
gcc -g -fno-omit-frame-pointer -fno-common -fsigned-char -fprofile-arcs -ftest-coverage -c -o linked_list_hashmap.o linked_list_hashmap.c
gcc -g -fno-omit-frame-pointer -fno-common -fsigned-char -fprofile-arcs -ftest-coverage -o tests main.c linked_list_hashmap.o test_linked_list_hashmap.c CuTest.c
./tests
 running TestHashmaplinked_New
 running TestHashmaplinked_Put
 running TestHashmaplinked_PutEnsuresCapacity
 running TestHashmaplinked_PutHandlesCollision
 running TestHashmaplinked_GetHandlesCollisionByTraversingChain
 running TestHashmaplinked_RemoveReturnsNullIfMissingAndTraversesChain
 running TestHashmaplinked_RemoveHandlesCollision
 running TestHashmaplinked_PutEntry
 running TestHashmaplinked_Get
 running TestHashmaplinked_ContainsKey
 running TestHashmaplinked_DoublePut
 running TestHashmaplinked_Get2
 running TestHashmaplinked_IncreaseCapacityDoesNotBreakHashmap
 running TestHashmaplinked_Remove
 running TestHashmaplinked_ClearRemovesAll
 running TestHashmaplinked_ClearHandlesCollision
 running TestHashmaplinked_DoesNotHaveNextForEmptyIterator
 running TestHashmaplinked_RemoveItemDoesNotHaveNextForEmptyIterator
 running TestHashmaplinked_Iterate
 running TestHashmaplinked_IterateHandlesCollisions
 running TestHashmaplinked_IterateAndRemoveDoesntBreakIteration
.....................

OK (21 tests)

gcov -b -c main.c test_linked_list_hashmap.c linked_list_hashmap.c
File 'main.c'
Lines executed:100.00% of 32
No branches
Calls executed:100.00% of 49
Creating 'main.c.gcov'

File 'test_linked_list_hashmap.c'
Lines executed:100.00% of 240
Branches executed:100.00% of 8
Taken at least once:87.50% of 8
Calls executed:99.53% of 214
Creating 'test_linked_list_hashmap.c.gcov'

File 'linked_list_hashmap.c'
Lines executed:91.06% of 179
Branches executed:95.65% of 92
Taken at least once:69.57% of 92
Calls executed:63.41% of 41
Creating 'linked_list_hashmap.c.gcov'

Lines executed:96.45% of 451
make: Leaving directory `/home/jay/Desktop/Mutate/Mutate/CHashMapViaLinkedList'

--> MUTATION :: FPIBO_4.c

make: Entering directory `/home/jay/Desktop/Mutate/Mutate/CHashMapViaLinkedList'
gcc -g -fno-omit-frame-pointer -fno-common -fsigned-char -fprofile-arcs -ftest-coverage -c -o linked_list_hashmap.o linked_list_hashmap.c
gcc -g -fno-omit-frame-pointer -fno-common -fsigned-char -fprofile-arcs -ftest-coverage -o tests main.c linked_list_hashmap.o test_linked_list_hashmap.c CuTest.c
./tests
 running TestHashmaplinked_New
 running TestHashmaplinked_Put
 running TestHashmaplinked_PutEnsuresCapacity
 running TestHashmaplinked_PutHandlesCollision
 running TestHashmaplinked_GetHandlesCollisionByTraversingChain
 running TestHashmaplinked_RemoveReturnsNullIfMissingAndTraversesChain
 running TestHashmaplinked_RemoveHandlesCollision
 running TestHashmaplinked_PutEntry
 running TestHashmaplinked_Get
 running TestHashmaplinked_ContainsKey
 running TestHashmaplinked_DoublePut
 running TestHashmaplinked_Get2
 running TestHashmaplinked_IncreaseCapacityDoesNotBreakHashmap
 running TestHashmaplinked_Remove
 running TestHashmaplinked_ClearRemovesAll
 running TestHashmaplinked_ClearHandlesCollision
 running TestHashmaplinked_DoesNotHaveNextForEmptyIterator
 running TestHashmaplinked_RemoveItemDoesNotHaveNextForEmptyIterator
 running TestHashmaplinked_Iterate
 running TestHashmaplinked_IterateHandlesCollisions
 running TestHashmaplinked_IterateAndRemoveDoesntBreakIteration
.....................

OK (21 tests)

gcov -b -c main.c test_linked_list_hashmap.c linked_list_hashmap.c
File 'main.c'
Lines executed:100.00% of 32
No branches
Calls executed:100.00% of 49
Creating 'main.c.gcov'

File 'test_linked_list_hashmap.c'
Lines executed:100.00% of 240
Branches executed:100.00% of 8
Taken at least once:87.50% of 8
Calls executed:99.53% of 214
Creating 'test_linked_list_hashmap.c.gcov'

File 'linked_list_hashmap.c'
Lines executed:91.11% of 180
Branches executed:95.65% of 92
Taken at least once:69.57% of 92
Calls executed:63.41% of 41
Creating 'linked_list_hashmap.c.gcov'

Lines executed:96.46% of 452
make: Leaving directory `/home/jay/Desktop/Mutate/Mutate/CHashMapViaLinkedList'

--> MUTATION :: REC2A_0.c

make: Entering directory `/home/jay/Desktop/Mutate/Mutate/CHashMapViaLinkedList'
gcc -g -fno-omit-frame-pointer -fno-common -fsigned-char -fprofile-arcs -ftest-coverage -c -o linked_list_hashmap.o linked_list_hashmap.c
gcc -g -fno-omit-frame-pointer -fno-common -fsigned-char -fprofile-arcs -ftest-coverage -o tests main.c linked_list_hashmap.o test_linked_list_hashmap.c CuTest.c
./tests
tests: linked_list_hashmap.c:59: hashmap_clear: Assertion `0 <= h -> count' failed.
 running TestHashmaplinked_New
make: *** [tests] Aborted (core dumped)
make: *** Deleting file `tests'
make: Leaving directory `/home/jay/Desktop/Mutate/Mutate/CHashMapViaLinkedList'

--> MUTATION :: REDAWN_1.c

make: Entering directory `/home/jay/Desktop/Mutate/Mutate/CHashMapViaLinkedList'
gcc -g -fno-omit-frame-pointer -fno-common -fsigned-char -fprofile-arcs -ftest-coverage -c -o linked_list_hashmap.o linked_list_hashmap.c
gcc -g -fno-omit-frame-pointer -fno-common -fsigned-char -fprofile-arcs -ftest-coverage -o tests main.c linked_list_hashmap.o test_linked_list_hashmap.c CuTest.c
./tests
make: *** [tests] Segmentation fault (core dumped)
make: *** Deleting file `tests'
make: Leaving directory `/home/jay/Desktop/Mutate/Mutate/CHashMapViaLinkedList'

--> MUTATION :: REBSLO_0.c

make: Entering directory `/home/jay/Desktop/Mutate/Mutate/CHashMapViaLinkedList'
gcc -g -fno-omit-frame-pointer -fno-common -fsigned-char -fprofile-arcs -ftest-coverage -c -o linked_list_hashmap.o linked_list_hashmap.c
gcc -g -fno-omit-frame-pointer -fno-common -fsigned-char -fprofile-arcs -ftest-coverage -o tests main.c linked_list_hashmap.o test_linked_list_hashmap.c CuTest.c
./tests
make: *** [tests] Segmentation fault (core dumped)
make: *** Deleting file `tests'
make: Leaving directory `/home/jay/Desktop/Mutate/Mutate/CHashMapViaLinkedList'

--> MUTATION :: FPIBO_2.c

make: Entering directory `/home/jay/Desktop/Mutate/Mutate/CHashMapViaLinkedList'
gcc -g -fno-omit-frame-pointer -fno-common -fsigned-char -fprofile-arcs -ftest-coverage -c -o linked_list_hashmap.o linked_list_hashmap.c
gcc -g -fno-omit-frame-pointer -fno-common -fsigned-char -fprofile-arcs -ftest-coverage -o tests main.c linked_list_hashmap.o test_linked_list_hashmap.c CuTest.c
./tests
 running TestHashmaplinked_New
 running TestHashmaplinked_Put
 running TestHashmaplinked_PutEnsuresCapacity
 running TestHashmaplinked_PutHandlesCollision
 running TestHashmaplinked_GetHandlesCollisionByTraversingChain
 running TestHashmaplinked_RemoveReturnsNullIfMissingAndTraversesChain
 running TestHashmaplinked_RemoveHandlesCollision
 running TestHashmaplinked_PutEntry
 running TestHashmaplinked_Get
 running TestHashmaplinked_ContainsKey
 running TestHashmaplinked_DoublePut
 running TestHashmaplinked_Get2
 running TestHashmaplinked_IncreaseCapacityDoesNotBreakHashmap
 running TestHashmaplinked_Remove
 running TestHashmaplinked_ClearRemovesAll
 running TestHashmaplinked_ClearHandlesCollision
 running TestHashmaplinked_DoesNotHaveNextForEmptyIterator
 running TestHashmaplinked_RemoveItemDoesNotHaveNextForEmptyIterator
 running TestHashmaplinked_Iterate
 running TestHashmaplinked_IterateHandlesCollisions
 running TestHashmaplinked_IterateAndRemoveDoesntBreakIteration
.....................

OK (21 tests)

gcov -b -c main.c test_linked_list_hashmap.c linked_list_hashmap.c
File 'main.c'
Lines executed:100.00% of 32
No branches
Calls executed:100.00% of 49
Creating 'main.c.gcov'

File 'test_linked_list_hashmap.c'
Lines executed:100.00% of 240
Branches executed:100.00% of 8
Taken at least once:87.50% of 8
Calls executed:99.53% of 214
Creating 'test_linked_list_hashmap.c.gcov'

File 'linked_list_hashmap.c'
Lines executed:91.11% of 180
Branches executed:95.65% of 92
Taken at least once:69.57% of 92
Calls executed:63.41% of 41
Creating 'linked_list_hashmap.c.gcov'

Lines executed:96.46% of 452
make: Leaving directory `/home/jay/Desktop/Mutate/Mutate/CHashMapViaLinkedList'

--> MUTATION :: REDAWZ_1.c

make: Entering directory `/home/jay/Desktop/Mutate/Mutate/CHashMapViaLinkedList'
gcc -g -fno-omit-frame-pointer -fno-common -fsigned-char -fprofile-arcs -ftest-coverage -c -o linked_list_hashmap.o linked_list_hashmap.c
gcc -g -fno-omit-frame-pointer -fno-common -fsigned-char -fprofile-arcs -ftest-coverage -o tests main.c linked_list_hashmap.o test_linked_list_hashmap.c CuTest.c
./tests
make: *** [tests] Segmentation fault (core dumped)
make: *** Deleting file `tests'
make: Leaving directory `/home/jay/Desktop/Mutate/Mutate/CHashMapViaLinkedList'

--> MUTATION :: REC2A_1.c

make: Entering directory `/home/jay/Desktop/Mutate/Mutate/CHashMapViaLinkedList'
gcc -g -fno-omit-frame-pointer -fno-common -fsigned-char -fprofile-arcs -ftest-coverage -c -o linked_list_hashmap.o linked_list_hashmap.c
gcc -g -fno-omit-frame-pointer -fno-common -fsigned-char -fprofile-arcs -ftest-coverage -o tests main.c linked_list_hashmap.o test_linked_list_hashmap.c CuTest.c
./tests
make: *** [tests] Segmentation fault (core dumped)
make: *** Deleting file `tests'
make: Leaving directory `/home/jay/Desktop/Mutate/Mutate/CHashMapViaLinkedList'

--> MUTATION :: REBSPO_0.c

make: Entering directory `/home/jay/Desktop/Mutate/Mutate/CHashMapViaLinkedList'
gcc -g -fno-omit-frame-pointer -fno-common -fsigned-char -fprofile-arcs -ftest-coverage -c -o linked_list_hashmap.o linked_list_hashmap.c
gcc -g -fno-omit-frame-pointer -fno-common -fsigned-char -fprofile-arcs -ftest-coverage -o tests main.c linked_list_hashmap.o test_linked_list_hashmap.c CuTest.c
./tests
 running TestHashmaplinked_New
 running TestHashmaplinked_Put
 running TestHashmaplinked_PutEnsuresCapacity
 running TestHashmaplinked_PutHandlesCollision
 running TestHashmaplinked_GetHandlesCollisionByTraversingChain
 running TestHashmaplinked_RemoveReturnsNullIfMissingAndTraversesChain
 running TestHashmaplinked_RemoveHandlesCollision
 running TestHashmaplinked_PutEntry
 running TestHashmaplinked_Get
 running TestHashmaplinked_ContainsKey
 running TestHashmaplinked_DoublePut
 running TestHashmaplinked_Get2
 running TestHashmaplinked_IncreaseCapacityDoesNotBreakHashmap
 running TestHashmaplinked_Remove
 running TestHashmaplinked_ClearRemovesAll
 running TestHashmaplinked_ClearHandlesCollision
 running TestHashmaplinked_DoesNotHaveNextForEmptyIterator
 running TestHashmaplinked_RemoveItemDoesNotHaveNextForEmptyIterator
 running TestHashmaplinked_Iterate
 running TestHashmaplinked_IterateHandlesCollisions
 running TestHashmaplinked_IterateAndRemoveDoesntBreakIteration
.....................

OK (21 tests)

gcov -b -c main.c test_linked_list_hashmap.c linked_list_hashmap.c
File 'main.c'
Lines executed:100.00% of 32
No branches
Calls executed:100.00% of 49
Creating 'main.c.gcov'

File 'test_linked_list_hashmap.c'
Lines executed:100.00% of 240
Branches executed:100.00% of 8
Taken at least once:87.50% of 8
Calls executed:99.53% of 214
Creating 'test_linked_list_hashmap.c.gcov'

File 'linked_list_hashmap.c'
Lines executed:91.11% of 180
Branches executed:95.65% of 92
Taken at least once:69.57% of 92
Calls executed:63.41% of 41
Creating 'linked_list_hashmap.c.gcov'

Lines executed:96.46% of 452
make: Leaving directory `/home/jay/Desktop/Mutate/Mutate/CHashMapViaLinkedList'

--> MUTATION :: FPIBO_0.c

make: Entering directory `/home/jay/Desktop/Mutate/Mutate/CHashMapViaLinkedList'
gcc -g -fno-omit-frame-pointer -fno-common -fsigned-char -fprofile-arcs -ftest-coverage -c -o linked_list_hashmap.o linked_list_hashmap.c
gcc -g -fno-omit-frame-pointer -fno-common -fsigned-char -fprofile-arcs -ftest-coverage -o tests main.c linked_list_hashmap.o test_linked_list_hashmap.c CuTest.c
./tests
 running TestHashmaplinked_New
 running TestHashmaplinked_Put
 running TestHashmaplinked_PutEnsuresCapacity
 running TestHashmaplinked_PutHandlesCollision
 running TestHashmaplinked_GetHandlesCollisionByTraversingChain
 running TestHashmaplinked_RemoveReturnsNullIfMissingAndTraversesChain
 running TestHashmaplinked_RemoveHandlesCollision
 running TestHashmaplinked_PutEntry
 running TestHashmaplinked_Get
 running TestHashmaplinked_ContainsKey
 running TestHashmaplinked_DoublePut
 running TestHashmaplinked_Get2
 running TestHashmaplinked_IncreaseCapacityDoesNotBreakHashmap
 running TestHashmaplinked_Remove
 running TestHashmaplinked_ClearRemovesAll
 running TestHashmaplinked_ClearHandlesCollision
 running TestHashmaplinked_DoesNotHaveNextForEmptyIterator
 running TestHashmaplinked_RemoveItemDoesNotHaveNextForEmptyIterator
 running TestHashmaplinked_Iterate
 running TestHashmaplinked_IterateHandlesCollisions
 running TestHashmaplinked_IterateAndRemoveDoesntBreakIteration
.....................

OK (21 tests)

gcov -b -c main.c test_linked_list_hashmap.c linked_list_hashmap.c
File 'main.c'
Lines executed:100.00% of 32
No branches
Calls executed:100.00% of 49
Creating 'main.c.gcov'

File 'test_linked_list_hashmap.c'
Lines executed:100.00% of 240
Branches executed:100.00% of 8
Taken at least once:87.50% of 8
Calls executed:99.53% of 214
Creating 'test_linked_list_hashmap.c.gcov'

File 'linked_list_hashmap.c'
Lines executed:91.11% of 180
Branches executed:95.65% of 92
Taken at least once:69.57% of 92
Calls executed:63.41% of 41
Creating 'linked_list_hashmap.c.gcov'

Lines executed:96.46% of 452
make: Leaving directory `/home/jay/Desktop/Mutate/Mutate/CHashMapViaLinkedList'

--> MUTATION :: FPDBO_4.c

make: Entering directory `/home/jay/Desktop/Mutate/Mutate/CHashMapViaLinkedList'
gcc -g -fno-omit-frame-pointer -fno-common -fsigned-char -fprofile-arcs -ftest-coverage -c -o linked_list_hashmap.o linked_list_hashmap.c
gcc -g -fno-omit-frame-pointer -fno-common -fsigned-char -fprofile-arcs -ftest-coverage -o tests main.c linked_list_hashmap.o test_linked_list_hashmap.c CuTest.c
./tests
make: *** [tests] Segmentation fault (core dumped)
make: *** Deleting file `tests'
make: Leaving directory `/home/jay/Desktop/Mutate/Mutate/CHashMapViaLinkedList'

--> MUTATION :: RMFS_1.c

make: Entering directory `/home/jay/Desktop/Mutate/Mutate/CHashMapViaLinkedList'
gcc -g -fno-omit-frame-pointer -fno-common -fsigned-char -fprofile-arcs -ftest-coverage -c -o linked_list_hashmap.o linked_list_hashmap.c
gcc -g -fno-omit-frame-pointer -fno-common -fsigned-char -fprofile-arcs -ftest-coverage -o tests main.c linked_list_hashmap.o test_linked_list_hashmap.c CuTest.c
./tests
 running TestHashmaplinked_New
 running TestHashmaplinked_Put
 running TestHashmaplinked_PutEnsuresCapacity
 running TestHashmaplinked_PutHandlesCollision
 running TestHashmaplinked_GetHandlesCollisionByTraversingChain
 running TestHashmaplinked_RemoveReturnsNullIfMissingAndTraversesChain
 running TestHashmaplinked_RemoveHandlesCollision
 running TestHashmaplinked_PutEntry
 running TestHashmaplinked_Get
 running TestHashmaplinked_ContainsKey
 running TestHashmaplinked_DoublePut
 running TestHashmaplinked_Get2
 running TestHashmaplinked_IncreaseCapacityDoesNotBreakHashmap
 running TestHashmaplinked_Remove
 running TestHashmaplinked_ClearRemovesAll
 running TestHashmaplinked_ClearHandlesCollision
 running TestHashmaplinked_DoesNotHaveNextForEmptyIterator
 running TestHashmaplinked_RemoveItemDoesNotHaveNextForEmptyIterator
 running TestHashmaplinked_Iterate
 running TestHashmaplinked_IterateHandlesCollisions
 running TestHashmaplinked_IterateAndRemoveDoesntBreakIteration
.....................

OK (21 tests)

gcov -b -c main.c test_linked_list_hashmap.c linked_list_hashmap.c
File 'main.c'
Lines executed:100.00% of 32
No branches
Calls executed:100.00% of 49
Creating 'main.c.gcov'

File 'test_linked_list_hashmap.c'
Lines executed:100.00% of 240
Branches executed:100.00% of 8
Taken at least once:87.50% of 8
Calls executed:99.53% of 214
Creating 'test_linked_list_hashmap.c.gcov'

File 'linked_list_hashmap.c'
Lines executed:91.06% of 179
Branches executed:95.65% of 92
Taken at least once:69.57% of 92
Calls executed:63.41% of 41
Creating 'linked_list_hashmap.c.gcov'

Lines executed:96.45% of 451
make: Leaving directory `/home/jay/Desktop/Mutate/Mutate/CHashMapViaLinkedList'

--> MUTATION :: RESOTPE_0.c

make: Entering directory `/home/jay/Desktop/Mutate/Mutate/CHashMapViaLinkedList'
gcc -g -fno-omit-frame-pointer -fno-common -fsigned-char -fprofile-arcs -ftest-coverage -c -o linked_list_hashmap.o linked_list_hashmap.c
gcc -g -fno-omit-frame-pointer -fno-common -fsigned-char -fprofile-arcs -ftest-coverage -o tests main.c linked_list_hashmap.o test_linked_list_hashmap.c CuTest.c
./tests
make: *** [tests] Segmentation fault (core dumped)
make: *** Deleting file `tests'
make: Leaving directory `/home/jay/Desktop/Mutate/Mutate/CHashMapViaLinkedList'

--> MUTATION :: RMFS_0.c

make: Entering directory `/home/jay/Desktop/Mutate/Mutate/CHashMapViaLinkedList'
gcc -g -fno-omit-frame-pointer -fno-common -fsigned-char -fprofile-arcs -ftest-coverage -c -o linked_list_hashmap.o linked_list_hashmap.c
gcc -g -fno-omit-frame-pointer -fno-common -fsigned-char -fprofile-arcs -ftest-coverage -o tests main.c linked_list_hashmap.o test_linked_list_hashmap.c CuTest.c
./tests
 running TestHashmaplinked_New
 running TestHashmaplinked_Put
 running TestHashmaplinked_PutEnsuresCapacity
 running TestHashmaplinked_PutHandlesCollision
 running TestHashmaplinked_GetHandlesCollisionByTraversingChain
 running TestHashmaplinked_RemoveReturnsNullIfMissingAndTraversesChain
 running TestHashmaplinked_RemoveHandlesCollision
 running TestHashmaplinked_PutEntry
 running TestHashmaplinked_Get
 running TestHashmaplinked_ContainsKey
 running TestHashmaplinked_DoublePut
 running TestHashmaplinked_Get2
 running TestHashmaplinked_IncreaseCapacityDoesNotBreakHashmap
 running TestHashmaplinked_Remove
 running TestHashmaplinked_ClearRemovesAll
 running TestHashmaplinked_ClearHandlesCollision
 running TestHashmaplinked_DoesNotHaveNextForEmptyIterator
 running TestHashmaplinked_RemoveItemDoesNotHaveNextForEmptyIterator
 running TestHashmaplinked_Iterate
 running TestHashmaplinked_IterateHandlesCollisions
 running TestHashmaplinked_IterateAndRemoveDoesntBreakIteration
.....................

OK (21 tests)

gcov -b -c main.c test_linked_list_hashmap.c linked_list_hashmap.c
File 'main.c'
Lines executed:100.00% of 32
No branches
Calls executed:100.00% of 49
Creating 'main.c.gcov'

File 'test_linked_list_hashmap.c'
Lines executed:100.00% of 240
Branches executed:100.00% of 8
Taken at least once:87.50% of 8
Calls executed:99.53% of 214
Creating 'test_linked_list_hashmap.c.gcov'

File 'linked_list_hashmap.c'
Lines executed:91.06% of 179
Branches executed:95.65% of 92
Taken at least once:69.57% of 92
Calls executed:63.41% of 41
Creating 'linked_list_hashmap.c.gcov'

Lines executed:96.45% of 451
make: Leaving directory `/home/jay/Desktop/Mutate/Mutate/CHashMapViaLinkedList'

--> MUTATION :: FPDBO_0.c

make: Entering directory `/home/jay/Desktop/Mutate/Mutate/CHashMapViaLinkedList'
gcc -g -fno-omit-frame-pointer -fno-common -fsigned-char -fprofile-arcs -ftest-coverage -c -o linked_list_hashmap.o linked_list_hashmap.c
gcc -g -fno-omit-frame-pointer -fno-common -fsigned-char -fprofile-arcs -ftest-coverage -o tests main.c linked_list_hashmap.o test_linked_list_hashmap.c CuTest.c
./tests
 running TestHashmaplinked_New
 running TestHashmaplinked_Put
 running TestHashmaplinked_PutEnsuresCapacity
 running TestHashmaplinked_PutHandlesCollision
 running TestHashmaplinked_GetHandlesCollisionByTraversingChain
 running TestHashmaplinked_RemoveReturnsNullIfMissingAndTraversesChain
 running TestHashmaplinked_RemoveHandlesCollision
 running TestHashmaplinked_PutEntry
 running TestHashmaplinked_Get
 running TestHashmaplinked_ContainsKey
 running TestHashmaplinked_DoublePut
 running TestHashmaplinked_Get2
 running TestHashmaplinked_IncreaseCapacityDoesNotBreakHashmap
 running TestHashmaplinked_Remove
 running TestHashmaplinked_ClearRemovesAll
 running TestHashmaplinked_ClearHandlesCollision
 running TestHashmaplinked_DoesNotHaveNextForEmptyIterator
 running TestHashmaplinked_RemoveItemDoesNotHaveNextForEmptyIterator
 running TestHashmaplinked_Iterate
 running TestHashmaplinked_IterateHandlesCollisions
 running TestHashmaplinked_IterateAndRemoveDoesntBreakIteration
.....................

OK (21 tests)

gcov -b -c main.c test_linked_list_hashmap.c linked_list_hashmap.c
File 'main.c'
Lines executed:100.00% of 32
No branches
Calls executed:100.00% of 49
Creating 'main.c.gcov'

File 'test_linked_list_hashmap.c'
Lines executed:100.00% of 240
Branches executed:100.00% of 8
Taken at least once:87.50% of 8
Calls executed:99.53% of 214
Creating 'test_linked_list_hashmap.c.gcov'

File 'linked_list_hashmap.c'
Lines executed:91.11% of 180
Branches executed:95.65% of 92
Taken at least once:69.57% of 92
Calls executed:63.41% of 41
Creating 'linked_list_hashmap.c.gcov'

Lines executed:96.46% of 452
make: Leaving directory `/home/jay/Desktop/Mutate/Mutate/CHashMapViaLinkedList'

--> MUTATION :: REBSNO_1.c

make: Entering directory `/home/jay/Desktop/Mutate/Mutate/CHashMapViaLinkedList'
gcc -g -fno-omit-frame-pointer -fno-common -fsigned-char -fprofile-arcs -ftest-coverage -c -o linked_list_hashmap.o linked_list_hashmap.c
gcc -g -fno-omit-frame-pointer -fno-common -fsigned-char -fprofile-arcs -ftest-coverage -o tests main.c linked_list_hashmap.o test_linked_list_hashmap.c CuTest.c
./tests
make: *** [tests] Segmentation fault (core dumped)
make: *** Deleting file `tests'
make: Leaving directory `/home/jay/Desktop/Mutate/Mutate/CHashMapViaLinkedList'

--> MUTATION :: RMNA_15.c

make: Entering directory `/home/jay/Desktop/Mutate/Mutate/CHashMapViaLinkedList'
gcc -g -fno-omit-frame-pointer -fno-common -fsigned-char -fprofile-arcs -ftest-coverage -c -o linked_list_hashmap.o linked_list_hashmap.c
gcc -g -fno-omit-frame-pointer -fno-common -fsigned-char -fprofile-arcs -ftest-coverage -o tests main.c linked_list_hashmap.o test_linked_list_hashmap.c CuTest.c
./tests
 running TestHashmaplinked_New
 running TestHashmaplinked_Put
 running TestHashmaplinked_PutEnsuresCapacity
 running TestHashmaplinked_PutHandlesCollision
 running TestHashmaplinked_GetHandlesCollisionByTraversingChain
 running TestHashmaplinked_RemoveReturnsNullIfMissingAndTraversesChain
 running TestHashmaplinked_RemoveHandlesCollision
 running TestHashmaplinked_PutEntry
 running TestHashmaplinked_Get
 running TestHashmaplinked_ContainsKey
 running TestHashmaplinked_DoublePut
 running TestHashmaplinked_Get2
 running TestHashmaplinked_IncreaseCapacityDoesNotBreakHashmap
 running TestHashmaplinked_Remove
 running TestHashmaplinked_ClearRemovesAll
 running TestHashmaplinked_ClearHandlesCollision
 running TestHashmaplinked_DoesNotHaveNextForEmptyIterator
 running TestHashmaplinked_RemoveItemDoesNotHaveNextForEmptyIterator
 running TestHashmaplinked_Iterate
 running TestHashmaplinked_IterateHandlesCollisions
 running TestHashmaplinked_IterateAndRemoveDoesntBreakIteration
....................F

there was (1) test failure:
1) TestHashmaplinked_IterateAndRemoveDoesntBreakIteration: test_linked_list_hashmap.c:470: assert failed

!!!FAILURES!!!
Runs: 21 Passes: 20 Fails: 1

gcov -b -c main.c test_linked_list_hashmap.c linked_list_hashmap.c
File 'main.c'
Lines executed:100.00% of 32
No branches
Calls executed:100.00% of 49
Creating 'main.c.gcov'

File 'test_linked_list_hashmap.c'
Lines executed:98.33% of 240
Branches executed:100.00% of 8
Taken at least once:75.00% of 8
Calls executed:97.66% of 214
Creating 'test_linked_list_hashmap.c.gcov'

File 'linked_list_hashmap.c'
Lines executed:91.62% of 179
Branches executed:95.65% of 92
Taken at least once:70.65% of 92
Calls executed:63.41% of 41
Creating 'linked_list_hashmap.c.gcov'

Lines executed:95.79% of 451
make: Leaving directory `/home/jay/Desktop/Mutate/Mutate/CHashMapViaLinkedList'

--> MUTATION :: RMNA_10.c

make: Entering directory `/home/jay/Desktop/Mutate/Mutate/CHashMapViaLinkedList'
gcc -g -fno-omit-frame-pointer -fno-common -fsigned-char -fprofile-arcs -ftest-coverage -c -o linked_list_hashmap.o linked_list_hashmap.c
gcc -g -fno-omit-frame-pointer -fno-common -fsigned-char -fprofile-arcs -ftest-coverage -o tests main.c linked_list_hashmap.o test_linked_list_hashmap.c CuTest.c
./tests
tests: linked_list_hashmap.c:59: hashmap_clear: Assertion `0 <= h -> count' failed.
 running TestHashmaplinked_New
 running TestHashmaplinked_Put
 running TestHashmaplinked_PutEnsuresCapacity
 running TestHashmaplinked_PutHandlesCollision
 running TestHashmaplinked_GetHandlesCollisionByTraversingChain
 running TestHashmaplinked_RemoveReturnsNullIfMissingAndTraversesChain
 running TestHashmaplinked_RemoveHandlesCollision
 running TestHashmaplinked_PutEntry
 running TestHashmaplinked_Get
 running TestHashmaplinked_ContainsKey
 running TestHashmaplinked_DoublePut
 running TestHashmaplinked_Get2
 running TestHashmaplinked_IncreaseCapacityDoesNotBreakHashmap
 running TestHashmaplinked_Remove
 running TestHashmaplinked_ClearRemovesAll
make: *** [tests] Aborted (core dumped)
make: *** Deleting file `tests'
make: Leaving directory `/home/jay/Desktop/Mutate/Mutate/CHashMapViaLinkedList'

--> MUTATION :: RMNA_14.c

make: Entering directory `/home/jay/Desktop/Mutate/Mutate/CHashMapViaLinkedList'
gcc -g -fno-omit-frame-pointer -fno-common -fsigned-char -fprofile-arcs -ftest-coverage -c -o linked_list_hashmap.o linked_list_hashmap.c
gcc -g -fno-omit-frame-pointer -fno-common -fsigned-char -fprofile-arcs -ftest-coverage -o tests main.c linked_list_hashmap.o test_linked_list_hashmap.c CuTest.c
./tests
 running TestHashmaplinked_New
 running TestHashmaplinked_Put
 running TestHashmaplinked_PutEnsuresCapacity
 running TestHashmaplinked_PutHandlesCollision
 running TestHashmaplinked_GetHandlesCollisionByTraversingChain
 running TestHashmaplinked_RemoveReturnsNullIfMissingAndTraversesChain
 running TestHashmaplinked_RemoveHandlesCollision
 running TestHashmaplinked_PutEntry
 running TestHashmaplinked_Get
 running TestHashmaplinked_ContainsKey
 running TestHashmaplinked_DoublePut
 running TestHashmaplinked_Get2
 running TestHashmaplinked_IncreaseCapacityDoesNotBreakHashmap
 running TestHashmaplinked_Remove
 running TestHashmaplinked_ClearRemovesAll
 running TestHashmaplinked_ClearHandlesCollision
 running TestHashmaplinked_DoesNotHaveNextForEmptyIterator
 running TestHashmaplinked_RemoveItemDoesNotHaveNextForEmptyIterator
 running TestHashmaplinked_Iterate
 running TestHashmaplinked_IterateHandlesCollisions
 running TestHashmaplinked_IterateAndRemoveDoesntBreakIteration
.....................

OK (21 tests)

gcov -b -c main.c test_linked_list_hashmap.c linked_list_hashmap.c
File 'main.c'
Lines executed:100.00% of 32
No branches
Calls executed:100.00% of 49
Creating 'main.c.gcov'

File 'test_linked_list_hashmap.c'
Lines executed:100.00% of 240
Branches executed:100.00% of 8
Taken at least once:87.50% of 8
Calls executed:99.53% of 214
Creating 'test_linked_list_hashmap.c.gcov'

File 'linked_list_hashmap.c'
Lines executed:91.06% of 179
Branches executed:95.65% of 92
Taken at least once:69.57% of 92
Calls executed:63.41% of 41
Creating 'linked_list_hashmap.c.gcov'

Lines executed:96.45% of 451
make: Leaving directory `/home/jay/Desktop/Mutate/Mutate/CHashMapViaLinkedList'

--> MUTATION :: RMNA_13.c

make: Entering directory `/home/jay/Desktop/Mutate/Mutate/CHashMapViaLinkedList'
gcc -g -fno-omit-frame-pointer -fno-common -fsigned-char -fprofile-arcs -ftest-coverage -c -o linked_list_hashmap.o linked_list_hashmap.c
gcc -g -fno-omit-frame-pointer -fno-common -fsigned-char -fprofile-arcs -ftest-coverage -o tests main.c linked_list_hashmap.o test_linked_list_hashmap.c CuTest.c
./tests
tests: linked_list_hashmap.c:59: hashmap_clear: Assertion `0 <= h -> count' failed.
 running TestHashmaplinked_New
 running TestHashmaplinked_Put
 running TestHashmaplinked_PutEnsuresCapacity
 running TestHashmaplinked_PutHandlesCollision
 running TestHashmaplinked_GetHandlesCollisionByTraversingChain
 running TestHashmaplinked_RemoveReturnsNullIfMissingAndTraversesChain
make: *** [tests] Aborted (core dumped)
make: *** Deleting file `tests'
make: Leaving directory `/home/jay/Desktop/Mutate/Mutate/CHashMapViaLinkedList'

--> MUTATION :: RMNA_12.c

make: Entering directory `/home/jay/Desktop/Mutate/Mutate/CHashMapViaLinkedList'
gcc -g -fno-omit-frame-pointer -fno-common -fsigned-char -fprofile-arcs -ftest-coverage -c -o linked_list_hashmap.o linked_list_hashmap.c
gcc -g -fno-omit-frame-pointer -fno-common -fsigned-char -fprofile-arcs -ftest-coverage -o tests main.c linked_list_hashmap.o test_linked_list_hashmap.c CuTest.c
./tests
tests: linked_list_hashmap.c:59: hashmap_clear: Assertion `0 <= h -> count' failed.
 running TestHashmaplinked_New
 running TestHashmaplinked_Put
 running TestHashmaplinked_PutEnsuresCapacity
 running TestHashmaplinked_PutHandlesCollision
 running TestHashmaplinked_GetHandlesCollisionByTraversingChain
 running TestHashmaplinked_RemoveReturnsNullIfMissingAndTraversesChain
make: *** [tests] Aborted (core dumped)
make: *** Deleting file `tests'
make: Leaving directory `/home/jay/Desktop/Mutate/Mutate/CHashMapViaLinkedList'

--> MUTATION :: REC2M_1.c

make: Entering directory `/home/jay/Desktop/Mutate/Mutate/CHashMapViaLinkedList'
gcc -g -fno-omit-frame-pointer -fno-common -fsigned-char -fprofile-arcs -ftest-coverage -c -o linked_list_hashmap.o linked_list_hashmap.c
gcc -g -fno-omit-frame-pointer -fno-common -fsigned-char -fprofile-arcs -ftest-coverage -o tests main.c linked_list_hashmap.o test_linked_list_hashmap.c CuTest.c
./tests
 running TestHashmaplinked_New
 running TestHashmaplinked_Put
 running TestHashmaplinked_PutEnsuresCapacity
 running TestHashmaplinked_PutHandlesCollision
 running TestHashmaplinked_GetHandlesCollisionByTraversingChain
 running TestHashmaplinked_RemoveReturnsNullIfMissingAndTraversesChain
 running TestHashmaplinked_RemoveHandlesCollision
 running TestHashmaplinked_PutEntry
 running TestHashmaplinked_Get
 running TestHashmaplinked_ContainsKey
 running TestHashmaplinked_DoublePut
 running TestHashmaplinked_Get2
 running TestHashmaplinked_IncreaseCapacityDoesNotBreakHashmap
 running TestHashmaplinked_Remove
 running TestHashmaplinked_ClearRemovesAll
 running TestHashmaplinked_ClearHandlesCollision
 running TestHashmaplinked_DoesNotHaveNextForEmptyIterator
 running TestHashmaplinked_RemoveItemDoesNotHaveNextForEmptyIterator
 running TestHashmaplinked_Iterate
 running TestHashmaplinked_IterateHandlesCollisions
 running TestHashmaplinked_IterateAndRemoveDoesntBreakIteration
.....................

OK (21 tests)

gcov -b -c main.c test_linked_list_hashmap.c linked_list_hashmap.c
File 'main.c'
Lines executed:100.00% of 32
No branches
Calls executed:100.00% of 49
Creating 'main.c.gcov'

File 'test_linked_list_hashmap.c'
Lines executed:100.00% of 240
Branches executed:100.00% of 8
Taken at least once:87.50% of 8
Calls executed:99.53% of 214
Creating 'test_linked_list_hashmap.c.gcov'

File 'linked_list_hashmap.c'
Lines executed:91.11% of 180
Branches executed:95.65% of 92
Taken at least once:69.57% of 92
Calls executed:63.41% of 41
Creating 'linked_list_hashmap.c.gcov'

Lines executed:96.46% of 452
make: Leaving directory `/home/jay/Desktop/Mutate/Mutate/CHashMapViaLinkedList'

--> MUTATION :: RMFS_4.c

make: Entering directory `/home/jay/Desktop/Mutate/Mutate/CHashMapViaLinkedList'
gcc -g -fno-omit-frame-pointer -fno-common -fsigned-char -fprofile-arcs -ftest-coverage -c -o linked_list_hashmap.o linked_list_hashmap.c
gcc -g -fno-omit-frame-pointer -fno-common -fsigned-char -fprofile-arcs -ftest-coverage -o tests main.c linked_list_hashmap.o test_linked_list_hashmap.c CuTest.c
./tests
 running TestHashmaplinked_New
 running TestHashmaplinked_Put
 running TestHashmaplinked_PutEnsuresCapacity
 running TestHashmaplinked_PutHandlesCollision
 running TestHashmaplinked_GetHandlesCollisionByTraversingChain
 running TestHashmaplinked_RemoveReturnsNullIfMissingAndTraversesChain
 running TestHashmaplinked_RemoveHandlesCollision
 running TestHashmaplinked_PutEntry
 running TestHashmaplinked_Get
 running TestHashmaplinked_ContainsKey
 running TestHashmaplinked_DoublePut
 running TestHashmaplinked_Get2
 running TestHashmaplinked_IncreaseCapacityDoesNotBreakHashmap
 running TestHashmaplinked_Remove
 running TestHashmaplinked_ClearRemovesAll
 running TestHashmaplinked_ClearHandlesCollision
 running TestHashmaplinked_DoesNotHaveNextForEmptyIterator
 running TestHashmaplinked_RemoveItemDoesNotHaveNextForEmptyIterator
 running TestHashmaplinked_Iterate
 running TestHashmaplinked_IterateHandlesCollisions
 running TestHashmaplinked_IterateAndRemoveDoesntBreakIteration
.....................

OK (21 tests)

gcov -b -c main.c test_linked_list_hashmap.c linked_list_hashmap.c
File 'main.c'
Lines executed:100.00% of 32
No branches
Calls executed:100.00% of 49
Creating 'main.c.gcov'

File 'test_linked_list_hashmap.c'
Lines executed:100.00% of 240
Branches executed:100.00% of 8
Taken at least once:87.50% of 8
Calls executed:99.53% of 214
Creating 'test_linked_list_hashmap.c.gcov'

File 'linked_list_hashmap.c'
Lines executed:91.06% of 179
Branches executed:95.65% of 92
Taken at least once:69.57% of 92
Calls executed:63.41% of 41
Creating 'linked_list_hashmap.c.gcov'

Lines executed:96.45% of 451
make: Leaving directory `/home/jay/Desktop/Mutate/Mutate/CHashMapViaLinkedList'

--> MUTATION :: FPDBO_1.c

make: Entering directory `/home/jay/Desktop/Mutate/Mutate/CHashMapViaLinkedList'
gcc -g -fno-omit-frame-pointer -fno-common -fsigned-char -fprofile-arcs -ftest-coverage -c -o linked_list_hashmap.o linked_list_hashmap.c
gcc -g -fno-omit-frame-pointer -fno-common -fsigned-char -fprofile-arcs -ftest-coverage -o tests main.c linked_list_hashmap.o test_linked_list_hashmap.c CuTest.c
./tests
 running TestHashmaplinked_New
 running TestHashmaplinked_Put
 running TestHashmaplinked_PutEnsuresCapacity
 running TestHashmaplinked_PutHandlesCollision
 running TestHashmaplinked_GetHandlesCollisionByTraversingChain
 running TestHashmaplinked_RemoveReturnsNullIfMissingAndTraversesChain
 running TestHashmaplinked_RemoveHandlesCollision
 running TestHashmaplinked_PutEntry
 running TestHashmaplinked_Get
 running TestHashmaplinked_ContainsKey
 running TestHashmaplinked_DoublePut
 running TestHashmaplinked_Get2
 running TestHashmaplinked_IncreaseCapacityDoesNotBreakHashmap
 running TestHashmaplinked_Remove
 running TestHashmaplinked_ClearRemovesAll
 running TestHashmaplinked_ClearHandlesCollision
 running TestHashmaplinked_DoesNotHaveNextForEmptyIterator
 running TestHashmaplinked_RemoveItemDoesNotHaveNextForEmptyIterator
 running TestHashmaplinked_Iterate
 running TestHashmaplinked_IterateHandlesCollisions
 running TestHashmaplinked_IterateAndRemoveDoesntBreakIteration
.....................

OK (21 tests)

gcov -b -c main.c test_linked_list_hashmap.c linked_list_hashmap.c
File 'main.c'
Lines executed:100.00% of 32
No branches
Calls executed:100.00% of 49
Creating 'main.c.gcov'

File 'test_linked_list_hashmap.c'
Lines executed:100.00% of 240
Branches executed:100.00% of 8
Taken at least once:87.50% of 8
Calls executed:99.53% of 214
Creating 'test_linked_list_hashmap.c.gcov'

File 'linked_list_hashmap.c'
Lines executed:91.11% of 180
Branches executed:95.65% of 92
Taken at least once:69.57% of 92
Calls executed:63.41% of 41
Creating 'linked_list_hashmap.c.gcov'

Lines executed:96.46% of 452
make: Leaving directory `/home/jay/Desktop/Mutate/Mutate/CHashMapViaLinkedList'

--> MUTATION :: FPDBO_3.c

make: Entering directory `/home/jay/Desktop/Mutate/Mutate/CHashMapViaLinkedList'
gcc -g -fno-omit-frame-pointer -fno-common -fsigned-char -fprofile-arcs -ftest-coverage -c -o linked_list_hashmap.o linked_list_hashmap.c
gcc -g -fno-omit-frame-pointer -fno-common -fsigned-char -fprofile-arcs -ftest-coverage -o tests main.c linked_list_hashmap.o test_linked_list_hashmap.c CuTest.c
./tests
 running TestHashmaplinked_New
 running TestHashmaplinked_Put
 running TestHashmaplinked_PutEnsuresCapacity
 running TestHashmaplinked_PutHandlesCollision
 running TestHashmaplinked_GetHandlesCollisionByTraversingChain
 running TestHashmaplinked_RemoveReturnsNullIfMissingAndTraversesChain
 running TestHashmaplinked_RemoveHandlesCollision
 running TestHashmaplinked_PutEntry
 running TestHashmaplinked_Get
 running TestHashmaplinked_ContainsKey
 running TestHashmaplinked_DoublePut
 running TestHashmaplinked_Get2
 running TestHashmaplinked_IncreaseCapacityDoesNotBreakHashmap
 running TestHashmaplinked_Remove
 running TestHashmaplinked_ClearRemovesAll
 running TestHashmaplinked_ClearHandlesCollision
 running TestHashmaplinked_DoesNotHaveNextForEmptyIterator
 running TestHashmaplinked_RemoveItemDoesNotHaveNextForEmptyIterator
 running TestHashmaplinked_Iterate
 running TestHashmaplinked_IterateHandlesCollisions
 running TestHashmaplinked_IterateAndRemoveDoesntBreakIteration
.....................

OK (21 tests)

gcov -b -c main.c test_linked_list_hashmap.c linked_list_hashmap.c
File 'main.c'
Lines executed:100.00% of 32
No branches
Calls executed:100.00% of 49
Creating 'main.c.gcov'

File 'test_linked_list_hashmap.c'
Lines executed:100.00% of 240
Branches executed:100.00% of 8
Taken at least once:87.50% of 8
Calls executed:99.53% of 214
Creating 'test_linked_list_hashmap.c.gcov'

File 'linked_list_hashmap.c'
Lines executed:91.11% of 180
Branches executed:95.65% of 92
Taken at least once:69.57% of 92
Calls executed:63.41% of 41
Creating 'linked_list_hashmap.c.gcov'

Lines executed:96.46% of 452
make: Leaving directory `/home/jay/Desktop/Mutate/Mutate/CHashMapViaLinkedList'

--> MUTATION :: REDAWN_0.c

make: Entering directory `/home/jay/Desktop/Mutate/Mutate/CHashMapViaLinkedList'
gcc -g -fno-omit-frame-pointer -fno-common -fsigned-char -fprofile-arcs -ftest-coverage -c -o linked_list_hashmap.o linked_list_hashmap.c
gcc -g -fno-omit-frame-pointer -fno-common -fsigned-char -fprofile-arcs -ftest-coverage -o tests main.c linked_list_hashmap.o test_linked_list_hashmap.c CuTest.c
./tests
make: *** [tests] Segmentation fault (core dumped)
make: *** Deleting file `tests'
make: Leaving directory `/home/jay/Desktop/Mutate/Mutate/CHashMapViaLinkedList'

--> MUTATION :: REBSLO_1.c

make: Entering directory `/home/jay/Desktop/Mutate/Mutate/CHashMapViaLinkedList'
gcc -g -fno-omit-frame-pointer -fno-common -fsigned-char -fprofile-arcs -ftest-coverage -c -o linked_list_hashmap.o linked_list_hashmap.c
gcc -g -fno-omit-frame-pointer -fno-common -fsigned-char -fprofile-arcs -ftest-coverage -o tests main.c linked_list_hashmap.o test_linked_list_hashmap.c CuTest.c
./tests
make: *** [tests] Segmentation fault (core dumped)
make: *** Deleting file `tests'
make: Leaving directory `/home/jay/Desktop/Mutate/Mutate/CHashMapViaLinkedList'

--> MUTATION :: REC2M_0.c

make: Entering directory `/home/jay/Desktop/Mutate/Mutate/CHashMapViaLinkedList'
gcc -g -fno-omit-frame-pointer -fno-common -fsigned-char -fprofile-arcs -ftest-coverage -c -o linked_list_hashmap.o linked_list_hashmap.c
gcc -g -fno-omit-frame-pointer -fno-common -fsigned-char -fprofile-arcs -ftest-coverage -o tests main.c linked_list_hashmap.o test_linked_list_hashmap.c CuTest.c
./tests
tests: linked_list_hashmap.c:208: hashmap_increase_capacity: Assertion `((void *)0) != node -> ety.key' failed.
 running TestHashmaplinked_New
 running TestHashmaplinked_Put
 running TestHashmaplinked_PutEnsuresCapacity
 running TestHashmaplinked_PutHandlesCollision
 running TestHashmaplinked_GetHandlesCollisionByTraversingChain
 running TestHashmaplinked_RemoveReturnsNullIfMissingAndTraversesChain
 running TestHashmaplinked_RemoveHandlesCollision
 running TestHashmaplinked_PutEntry
 running TestHashmaplinked_Get
 running TestHashmaplinked_ContainsKey
 running TestHashmaplinked_DoublePut
 running TestHashmaplinked_Get2
 running TestHashmaplinked_IncreaseCapacityDoesNotBreakHashmap
make: *** [tests] Aborted (core dumped)
make: *** Deleting file `tests'
make: Leaving directory `/home/jay/Desktop/Mutate/Mutate/CHashMapViaLinkedList'

--> MUTATION :: RMFS_2.c

make: Entering directory `/home/jay/Desktop/Mutate/Mutate/CHashMapViaLinkedList'
gcc -g -fno-omit-frame-pointer -fno-common -fsigned-char -fprofile-arcs -ftest-coverage -c -o linked_list_hashmap.o linked_list_hashmap.c
gcc -g -fno-omit-frame-pointer -fno-common -fsigned-char -fprofile-arcs -ftest-coverage -o tests main.c linked_list_hashmap.o test_linked_list_hashmap.c CuTest.c
./tests
 running TestHashmaplinked_New
 running TestHashmaplinked_Put
 running TestHashmaplinked_PutEnsuresCapacity
 running TestHashmaplinked_PutHandlesCollision
 running TestHashmaplinked_GetHandlesCollisionByTraversingChain
 running TestHashmaplinked_RemoveReturnsNullIfMissingAndTraversesChain
 running TestHashmaplinked_RemoveHandlesCollision
 running TestHashmaplinked_PutEntry
 running TestHashmaplinked_Get
 running TestHashmaplinked_ContainsKey
 running TestHashmaplinked_DoublePut
 running TestHashmaplinked_Get2
 running TestHashmaplinked_IncreaseCapacityDoesNotBreakHashmap
 running TestHashmaplinked_Remove
 running TestHashmaplinked_ClearRemovesAll
 running TestHashmaplinked_ClearHandlesCollision
 running TestHashmaplinked_DoesNotHaveNextForEmptyIterator
 running TestHashmaplinked_RemoveItemDoesNotHaveNextForEmptyIterator
 running TestHashmaplinked_Iterate
 running TestHashmaplinked_IterateHandlesCollisions
 running TestHashmaplinked_IterateAndRemoveDoesntBreakIteration
.....................

OK (21 tests)

gcov -b -c main.c test_linked_list_hashmap.c linked_list_hashmap.c
File 'main.c'
Lines executed:100.00% of 32
No branches
Calls executed:100.00% of 49
Creating 'main.c.gcov'

File 'test_linked_list_hashmap.c'
Lines executed:100.00% of 240
Branches executed:100.00% of 8
Taken at least once:87.50% of 8
Calls executed:99.53% of 214
Creating 'test_linked_list_hashmap.c.gcov'

File 'linked_list_hashmap.c'
Lines executed:91.06% of 179
Branches executed:95.65% of 92
Taken at least once:69.57% of 92
Calls executed:63.41% of 41
Creating 'linked_list_hashmap.c.gcov'

Lines executed:96.45% of 451
make: Leaving directory `/home/jay/Desktop/Mutate/Mutate/CHashMapViaLinkedList'

--> MUTATION :: RMNA_16.c

make: Entering directory `/home/jay/Desktop/Mutate/Mutate/CHashMapViaLinkedList'
gcc -g -fno-omit-frame-pointer -fno-common -fsigned-char -fprofile-arcs -ftest-coverage -c -o linked_list_hashmap.o linked_list_hashmap.c
gcc -g -fno-omit-frame-pointer -fno-common -fsigned-char -fprofile-arcs -ftest-coverage -o tests main.c linked_list_hashmap.o test_linked_list_hashmap.c CuTest.c
./tests
 running TestHashmaplinked_New
 running TestHashmaplinked_Put
 running TestHashmaplinked_PutEnsuresCapacity
 running TestHashmaplinked_PutHandlesCollision
 running TestHashmaplinked_GetHandlesCollisionByTraversingChain
 running TestHashmaplinked_RemoveReturnsNullIfMissingAndTraversesChain
 running TestHashmaplinked_RemoveHandlesCollision
 running TestHashmaplinked_PutEntry
 running TestHashmaplinked_Get
 running TestHashmaplinked_ContainsKey
 running TestHashmaplinked_DoublePut
 running TestHashmaplinked_Get2
 running TestHashmaplinked_IncreaseCapacityDoesNotBreakHashmap
 running TestHashmaplinked_Remove
 running TestHashmaplinked_ClearRemovesAll
 running TestHashmaplinked_ClearHandlesCollision
 running TestHashmaplinked_DoesNotHaveNextForEmptyIterator
 running TestHashmaplinked_RemoveItemDoesNotHaveNextForEmptyIterator
 running TestHashmaplinked_Iterate
 running TestHashmaplinked_IterateHandlesCollisions
 running TestHashmaplinked_IterateAndRemoveDoesntBreakIteration
................FFF..

there were (3) test failures:
1) TestHashmaplinked_DoesNotHaveNextForEmptyIterator: test_linked_list_hashmap.c:336: assert failed
2) TestHashmaplinked_RemoveItemDoesNotHaveNextForEmptyIterator: test_linked_list_hashmap.c:351: assert failed
3) TestHashmaplinked_Iterate: test_linked_list_hashmap.c:393: assert failed

!!!FAILURES!!!
Runs: 21 Passes: 18 Fails: 3

gcov -b -c main.c test_linked_list_hashmap.c linked_list_hashmap.c
File 'main.c'
Lines executed:100.00% of 32
No branches
Calls executed:100.00% of 49
Creating 'main.c.gcov'

File 'test_linked_list_hashmap.c'
Lines executed:97.08% of 240
Branches executed:100.00% of 8
Taken at least once:75.00% of 8
Calls executed:97.20% of 214
Creating 'test_linked_list_hashmap.c.gcov'

File 'linked_list_hashmap.c'
Lines executed:89.94% of 179
Branches executed:91.30% of 92
Taken at least once:66.30% of 92
Calls executed:63.41% of 41
Creating 'linked_list_hashmap.c.gcov'

Lines executed:94.46% of 451
make: Leaving directory `/home/jay/Desktop/Mutate/Mutate/CHashMapViaLinkedList'

--> MUTATION :: FPIBO_1.c

make: Entering directory `/home/jay/Desktop/Mutate/Mutate/CHashMapViaLinkedList'
gcc -g -fno-omit-frame-pointer -fno-common -fsigned-char -fprofile-arcs -ftest-coverage -c -o linked_list_hashmap.o linked_list_hashmap.c
gcc -g -fno-omit-frame-pointer -fno-common -fsigned-char -fprofile-arcs -ftest-coverage -o tests main.c linked_list_hashmap.o test_linked_list_hashmap.c CuTest.c
./tests
 running TestHashmaplinked_New
 running TestHashmaplinked_Put
 running TestHashmaplinked_PutEnsuresCapacity
 running TestHashmaplinked_PutHandlesCollision
 running TestHashmaplinked_GetHandlesCollisionByTraversingChain
 running TestHashmaplinked_RemoveReturnsNullIfMissingAndTraversesChain
 running TestHashmaplinked_RemoveHandlesCollision
 running TestHashmaplinked_PutEntry
 running TestHashmaplinked_Get
 running TestHashmaplinked_ContainsKey
 running TestHashmaplinked_DoublePut
 running TestHashmaplinked_Get2
 running TestHashmaplinked_IncreaseCapacityDoesNotBreakHashmap
 running TestHashmaplinked_Remove
 running TestHashmaplinked_ClearRemovesAll
 running TestHashmaplinked_ClearHandlesCollision
 running TestHashmaplinked_DoesNotHaveNextForEmptyIterator
 running TestHashmaplinked_RemoveItemDoesNotHaveNextForEmptyIterator
 running TestHashmaplinked_Iterate
 running TestHashmaplinked_IterateHandlesCollisions
 running TestHashmaplinked_IterateAndRemoveDoesntBreakIteration
.....................

OK (21 tests)

gcov -b -c main.c test_linked_list_hashmap.c linked_list_hashmap.c
File 'main.c'
Lines executed:100.00% of 32
No branches
Calls executed:100.00% of 49
Creating 'main.c.gcov'

File 'test_linked_list_hashmap.c'
Lines executed:100.00% of 240
Branches executed:100.00% of 8
Taken at least once:87.50% of 8
Calls executed:99.53% of 214
Creating 'test_linked_list_hashmap.c.gcov'

File 'linked_list_hashmap.c'
Lines executed:91.11% of 180
Branches executed:95.65% of 92
Taken at least once:69.57% of 92
Calls executed:63.41% of 41
Creating 'linked_list_hashmap.c.gcov'

Lines executed:96.46% of 452
make: Leaving directory `/home/jay/Desktop/Mutate/Mutate/CHashMapViaLinkedList'

--> MUTATION :: FPDBO_2.c

make: Entering directory `/home/jay/Desktop/Mutate/Mutate/CHashMapViaLinkedList'
gcc -g -fno-omit-frame-pointer -fno-common -fsigned-char -fprofile-arcs -ftest-coverage -c -o linked_list_hashmap.o linked_list_hashmap.c
gcc -g -fno-omit-frame-pointer -fno-common -fsigned-char -fprofile-arcs -ftest-coverage -o tests main.c linked_list_hashmap.o test_linked_list_hashmap.c CuTest.c
./tests
make: *** [tests] Segmentation fault (core dumped)
make: *** Deleting file `tests'
make: Leaving directory `/home/jay/Desktop/Mutate/Mutate/CHashMapViaLinkedList'

--> MUTATION :: REBSNO_0.c

make: Entering directory `/home/jay/Desktop/Mutate/Mutate/CHashMapViaLinkedList'
gcc -g -fno-omit-frame-pointer -fno-common -fsigned-char -fprofile-arcs -ftest-coverage -c -o linked_list_hashmap.o linked_list_hashmap.c
gcc -g -fno-omit-frame-pointer -fno-common -fsigned-char -fprofile-arcs -ftest-coverage -o tests main.c linked_list_hashmap.o test_linked_list_hashmap.c CuTest.c
./tests
make: *** [tests] Segmentation fault (core dumped)
make: *** Deleting file `tests'
make: Leaving directory `/home/jay/Desktop/Mutate/Mutate/CHashMapViaLinkedList'

--> MUTATION :: FPDBO_5.c

make: Entering directory `/home/jay/Desktop/Mutate/Mutate/CHashMapViaLinkedList'
gcc -g -fno-omit-frame-pointer -fno-common -fsigned-char -fprofile-arcs -ftest-coverage -c -o linked_list_hashmap.o linked_list_hashmap.c
gcc -g -fno-omit-frame-pointer -fno-common -fsigned-char -fprofile-arcs -ftest-coverage -o tests main.c linked_list_hashmap.o test_linked_list_hashmap.c CuTest.c
./tests
 running TestHashmaplinked_New
 running TestHashmaplinked_Put
 running TestHashmaplinked_PutEnsuresCapacity
 running TestHashmaplinked_PutHandlesCollision
 running TestHashmaplinked_GetHandlesCollisionByTraversingChain
 running TestHashmaplinked_RemoveReturnsNullIfMissingAndTraversesChain
 running TestHashmaplinked_RemoveHandlesCollision
 running TestHashmaplinked_PutEntry
 running TestHashmaplinked_Get
 running TestHashmaplinked_ContainsKey
 running TestHashmaplinked_DoublePut
 running TestHashmaplinked_Get2
 running TestHashmaplinked_IncreaseCapacityDoesNotBreakHashmap
 running TestHashmaplinked_Remove
 running TestHashmaplinked_ClearRemovesAll
 running TestHashmaplinked_ClearHandlesCollision
 running TestHashmaplinked_DoesNotHaveNextForEmptyIterator
 running TestHashmaplinked_RemoveItemDoesNotHaveNextForEmptyIterator
 running TestHashmaplinked_Iterate
 running TestHashmaplinked_IterateHandlesCollisions
 running TestHashmaplinked_IterateAndRemoveDoesntBreakIteration
.....................

OK (21 tests)

gcov -b -c main.c test_linked_list_hashmap.c linked_list_hashmap.c
File 'main.c'
Lines executed:100.00% of 32
No branches
Calls executed:100.00% of 49
Creating 'main.c.gcov'

File 'test_linked_list_hashmap.c'
Lines executed:100.00% of 240
Branches executed:100.00% of 8
Taken at least once:87.50% of 8
Calls executed:99.53% of 214
Creating 'test_linked_list_hashmap.c.gcov'

File 'linked_list_hashmap.c'
Lines executed:91.11% of 180
Branches executed:95.65% of 92
Taken at least once:69.57% of 92
Calls executed:63.41% of 41
Creating 'linked_list_hashmap.c.gcov'

Lines executed:96.46% of 452
make: Leaving directory `/home/jay/Desktop/Mutate/Mutate/CHashMapViaLinkedList'

--> MUTATION :: REBSPO_1.c

make: Entering directory `/home/jay/Desktop/Mutate/Mutate/CHashMapViaLinkedList'
gcc -g -fno-omit-frame-pointer -fno-common -fsigned-char -fprofile-arcs -ftest-coverage -c -o linked_list_hashmap.o linked_list_hashmap.c
gcc -g -fno-omit-frame-pointer -fno-common -fsigned-char -fprofile-arcs -ftest-coverage -o tests main.c linked_list_hashmap.o test_linked_list_hashmap.c CuTest.c
./tests
 running TestHashmaplinked_New
 running TestHashmaplinked_Put
 running TestHashmaplinked_PutEnsuresCapacity
 running TestHashmaplinked_PutHandlesCollision
 running TestHashmaplinked_GetHandlesCollisionByTraversingChain
 running TestHashmaplinked_RemoveReturnsNullIfMissingAndTraversesChain
 running TestHashmaplinked_RemoveHandlesCollision
 running TestHashmaplinked_PutEntry
 running TestHashmaplinked_Get
 running TestHashmaplinked_ContainsKey
 running TestHashmaplinked_DoublePut
 running TestHashmaplinked_Get2
 running TestHashmaplinked_IncreaseCapacityDoesNotBreakHashmap
 running TestHashmaplinked_Remove
 running TestHashmaplinked_ClearRemovesAll
 running TestHashmaplinked_ClearHandlesCollision
 running TestHashmaplinked_DoesNotHaveNextForEmptyIterator
 running TestHashmaplinked_RemoveItemDoesNotHaveNextForEmptyIterator
 running TestHashmaplinked_Iterate
 running TestHashmaplinked_IterateHandlesCollisions
 running TestHashmaplinked_IterateAndRemoveDoesntBreakIteration
.....................

OK (21 tests)

gcov -b -c main.c test_linked_list_hashmap.c linked_list_hashmap.c
File 'main.c'
Lines executed:100.00% of 32
No branches
Calls executed:100.00% of 49
Creating 'main.c.gcov'

File 'test_linked_list_hashmap.c'
Lines executed:100.00% of 240
Branches executed:100.00% of 8
Taken at least once:87.50% of 8
Calls executed:99.53% of 214
Creating 'test_linked_list_hashmap.c.gcov'

File 'linked_list_hashmap.c'
Lines executed:91.11% of 180
Branches executed:95.65% of 92
Taken at least once:69.57% of 92
Calls executed:63.41% of 41
Creating 'linked_list_hashmap.c.gcov'

Lines executed:96.46% of 452
make: Leaving directory `/home/jay/Desktop/Mutate/Mutate/CHashMapViaLinkedList'

--> MUTATION :: RMNA_11.c

make: Entering directory `/home/jay/Desktop/Mutate/Mutate/CHashMapViaLinkedList'
gcc -g -fno-omit-frame-pointer -fno-common -fsigned-char -fprofile-arcs -ftest-coverage -c -o linked_list_hashmap.o linked_list_hashmap.c
gcc -g -fno-omit-frame-pointer -fno-common -fsigned-char -fprofile-arcs -ftest-coverage -o tests main.c linked_list_hashmap.o test_linked_list_hashmap.c CuTest.c
./tests
 running TestHashmaplinked_New
 running TestHashmaplinked_Put
 running TestHashmaplinked_PutEnsuresCapacity
 running TestHashmaplinked_PutHandlesCollision
 running TestHashmaplinked_GetHandlesCollisionByTraversingChain
 running TestHashmaplinked_RemoveReturnsNullIfMissingAndTraversesChain
 running TestHashmaplinked_RemoveHandlesCollision
 running TestHashmaplinked_PutEntry
 running TestHashmaplinked_Get
 running TestHashmaplinked_ContainsKey
 running TestHashmaplinked_DoublePut
 running TestHashmaplinked_Get2
 running TestHashmaplinked_IncreaseCapacityDoesNotBreakHashmap
 running TestHashmaplinked_Remove
 running TestHashmaplinked_ClearRemovesAll
 running TestHashmaplinked_ClearHandlesCollision
 running TestHashmaplinked_DoesNotHaveNextForEmptyIterator
 running TestHashmaplinked_RemoveItemDoesNotHaveNextForEmptyIterator
 running TestHashmaplinked_Iterate
 running TestHashmaplinked_IterateHandlesCollisions
 running TestHashmaplinked_IterateAndRemoveDoesntBreakIteration
.....................

OK (21 tests)

gcov -b -c main.c test_linked_list_hashmap.c linked_list_hashmap.c
File 'main.c'
Lines executed:100.00% of 32
No branches
Calls executed:100.00% of 49
Creating 'main.c.gcov'

File 'test_linked_list_hashmap.c'
Lines executed:100.00% of 240
Branches executed:100.00% of 8
Taken at least once:87.50% of 8
Calls executed:99.53% of 214
Creating 'test_linked_list_hashmap.c.gcov'

File 'linked_list_hashmap.c'
Lines executed:91.06% of 179
Branches executed:95.65% of 92
Taken at least once:69.57% of 92
Calls executed:63.41% of 41
Creating 'linked_list_hashmap.c.gcov'

Lines executed:96.45% of 451
make: Leaving directory `/home/jay/Desktop/Mutate/Mutate/CHashMapViaLinkedList'

--> MUTATION :: RMFS_3.c

make: Entering directory `/home/jay/Desktop/Mutate/Mutate/CHashMapViaLinkedList'
gcc -g -fno-omit-frame-pointer -fno-common -fsigned-char -fprofile-arcs -ftest-coverage -c -o linked_list_hashmap.o linked_list_hashmap.c
gcc -g -fno-omit-frame-pointer -fno-common -fsigned-char -fprofile-arcs -ftest-coverage -o tests main.c linked_list_hashmap.o test_linked_list_hashmap.c CuTest.c
./tests
 running TestHashmaplinked_New
 running TestHashmaplinked_Put
 running TestHashmaplinked_PutEnsuresCapacity
 running TestHashmaplinked_PutHandlesCollision
 running TestHashmaplinked_GetHandlesCollisionByTraversingChain
 running TestHashmaplinked_RemoveReturnsNullIfMissingAndTraversesChain
 running TestHashmaplinked_RemoveHandlesCollision
 running TestHashmaplinked_PutEntry
 running TestHashmaplinked_Get
 running TestHashmaplinked_ContainsKey
 running TestHashmaplinked_DoublePut
 running TestHashmaplinked_Get2
 running TestHashmaplinked_IncreaseCapacityDoesNotBreakHashmap
 running TestHashmaplinked_Remove
 running TestHashmaplinked_ClearRemovesAll
 running TestHashmaplinked_ClearHandlesCollision
 running TestHashmaplinked_DoesNotHaveNextForEmptyIterator
 running TestHashmaplinked_RemoveItemDoesNotHaveNextForEmptyIterator
 running TestHashmaplinked_Iterate
 running TestHashmaplinked_IterateHandlesCollisions
 running TestHashmaplinked_IterateAndRemoveDoesntBreakIteration
.....................

OK (21 tests)

gcov -b -c main.c test_linked_list_hashmap.c linked_list_hashmap.c
File 'main.c'
Lines executed:100.00% of 32
No branches
Calls executed:100.00% of 49
Creating 'main.c.gcov'

File 'test_linked_list_hashmap.c'
Lines executed:100.00% of 240
Branches executed:100.00% of 8
Taken at least once:87.50% of 8
Calls executed:99.53% of 214
Creating 'test_linked_list_hashmap.c.gcov'

File 'linked_list_hashmap.c'
Lines executed:91.62% of 179
Branches executed:95.65% of 92
Taken at least once:69.57% of 92
Calls executed:63.41% of 41
Creating 'linked_list_hashmap.c.gcov'

Lines executed:96.67% of 451
make: Leaving directory `/home/jay/Desktop/Mutate/Mutate/CHashMapViaLinkedList'

--> MUTATION :: REDAWZ_0.c

make: Entering directory `/home/jay/Desktop/Mutate/Mutate/CHashMapViaLinkedList'
gcc -g -fno-omit-frame-pointer -fno-common -fsigned-char -fprofile-arcs -ftest-coverage -c -o linked_list_hashmap.o linked_list_hashmap.c
gcc -g -fno-omit-frame-pointer -fno-common -fsigned-char -fprofile-arcs -ftest-coverage -o tests main.c linked_list_hashmap.o test_linked_list_hashmap.c CuTest.c
./tests
tests: malloc.c:2369: sysmalloc: Assertion `(old_top == (((mbinptr) (((char *) &((av)->bins[((1) - 1) * 2])) - __builtin_offsetof (struct malloc_chunk, fd)))) && old_size == 0) || ((unsigned long) (old_size) >= (unsigned long)((((__builtin_offsetof (struct malloc_chunk, fd_nextsize))+((2 * (sizeof(size_t))) - 1)) & ~((2 * (sizeof(size_t))) - 1))) && ((old_top)->size & 0x1) && ((unsigned long)old_end & pagemask) == 0)' failed.
 running TestHashmaplinked_New
make: *** [tests] Aborted (core dumped)
make: *** Deleting file `tests'
make: Leaving directory `/home/jay/Desktop/Mutate/Mutate/CHashMapViaLinkedList'

--> MUTATION :: RESOTPE_1.c

make: Entering directory `/home/jay/Desktop/Mutate/Mutate/CHashMapViaLinkedList'
gcc -g -fno-omit-frame-pointer -fno-common -fsigned-char -fprofile-arcs -ftest-coverage -c -o linked_list_hashmap.o linked_list_hashmap.c
gcc -g -fno-omit-frame-pointer -fno-common -fsigned-char -fprofile-arcs -ftest-coverage -o tests main.c linked_list_hashmap.o test_linked_list_hashmap.c CuTest.c
./tests
make: *** [tests] Segmentation fault (core dumped)
make: *** Deleting file `tests'
make: Leaving directory `/home/jay/Desktop/Mutate/Mutate/CHashMapViaLinkedList'

--> MUTATION :: FPIBO_5.c

make: Entering directory `/home/jay/Desktop/Mutate/Mutate/CHashMapViaLinkedList'
gcc -g -fno-omit-frame-pointer -fno-common -fsigned-char -fprofile-arcs -ftest-coverage -c -o linked_list_hashmap.o linked_list_hashmap.c
gcc -g -fno-omit-frame-pointer -fno-common -fsigned-char -fprofile-arcs -ftest-coverage -o tests main.c linked_list_hashmap.o test_linked_list_hashmap.c CuTest.c
./tests
 running TestHashmaplinked_New
 running TestHashmaplinked_Put
 running TestHashmaplinked_PutEnsuresCapacity
 running TestHashmaplinked_PutHandlesCollision
 running TestHashmaplinked_GetHandlesCollisionByTraversingChain
 running TestHashmaplinked_RemoveReturnsNullIfMissingAndTraversesChain
 running TestHashmaplinked_RemoveHandlesCollision
 running TestHashmaplinked_PutEntry
 running TestHashmaplinked_Get
 running TestHashmaplinked_ContainsKey
 running TestHashmaplinked_DoublePut
 running TestHashmaplinked_Get2
 running TestHashmaplinked_IncreaseCapacityDoesNotBreakHashmap
 running TestHashmaplinked_Remove
 running TestHashmaplinked_ClearRemovesAll
 running TestHashmaplinked_ClearHandlesCollision
 running TestHashmaplinked_DoesNotHaveNextForEmptyIterator
 running TestHashmaplinked_RemoveItemDoesNotHaveNextForEmptyIterator
 running TestHashmaplinked_Iterate
 running TestHashmaplinked_IterateHandlesCollisions
 running TestHashmaplinked_IterateAndRemoveDoesntBreakIteration
.....................

OK (21 tests)

gcov -b -c main.c test_linked_list_hashmap.c linked_list_hashmap.c
File 'main.c'
Lines executed:100.00% of 32
No branches
Calls executed:100.00% of 49
Creating 'main.c.gcov'

File 'test_linked_list_hashmap.c'
Lines executed:100.00% of 240
Branches executed:100.00% of 8
Taken at least once:87.50% of 8
Calls executed:99.53% of 214
Creating 'test_linked_list_hashmap.c.gcov'

File 'linked_list_hashmap.c'
Lines executed:91.11% of 180
Branches executed:95.65% of 92
Taken at least once:69.57% of 92
Calls executed:63.41% of 41
Creating 'linked_list_hashmap.c.gcov'

Lines executed:96.46% of 452
make: Leaving directory `/home/jay/Desktop/Mutate/Mutate/CHashMapViaLinkedList'

--> MUTATION :: FPIBO_3.c

make: Entering directory `/home/jay/Desktop/Mutate/Mutate/CHashMapViaLinkedList'
gcc -g -fno-omit-frame-pointer -fno-common -fsigned-char -fprofile-arcs -ftest-coverage -c -o linked_list_hashmap.o linked_list_hashmap.c
gcc -g -fno-omit-frame-pointer -fno-common -fsigned-char -fprofile-arcs -ftest-coverage -o tests main.c linked_list_hashmap.o test_linked_list_hashmap.c CuTest.c
./tests
 running TestHashmaplinked_New
 running TestHashmaplinked_Put
 running TestHashmaplinked_PutEnsuresCapacity
 running TestHashmaplinked_PutHandlesCollision
 running TestHashmaplinked_GetHandlesCollisionByTraversingChain
 running TestHashmaplinked_RemoveReturnsNullIfMissingAndTraversesChain
 running TestHashmaplinked_RemoveHandlesCollision
 running TestHashmaplinked_PutEntry
 running TestHashmaplinked_Get
 running TestHashmaplinked_ContainsKey
 running TestHashmaplinked_DoublePut
 running TestHashmaplinked_Get2
 running TestHashmaplinked_IncreaseCapacityDoesNotBreakHashmap
 running TestHashmaplinked_Remove
 running TestHashmaplinked_ClearRemovesAll
 running TestHashmaplinked_ClearHandlesCollision
 running TestHashmaplinked_DoesNotHaveNextForEmptyIterator
 running TestHashmaplinked_RemoveItemDoesNotHaveNextForEmptyIterator
 running TestHashmaplinked_Iterate
 running TestHashmaplinked_IterateHandlesCollisions
 running TestHashmaplinked_IterateAndRemoveDoesntBreakIteration
.....................

OK (21 tests)

gcov -b -c main.c test_linked_list_hashmap.c linked_list_hashmap.c
File 'main.c'
Lines executed:100.00% of 32
No branches
Calls executed:100.00% of 49
Creating 'main.c.gcov'

File 'test_linked_list_hashmap.c'
Lines executed:100.00% of 240
Branches executed:100.00% of 8
Taken at least once:87.50% of 8
Calls executed:99.53% of 214
Creating 'test_linked_list_hashmap.c.gcov'

File 'linked_list_hashmap.c'
Lines executed:91.11% of 180
Branches executed:95.65% of 92
Taken at least once:69.57% of 92
Calls executed:63.41% of 41
Creating 'linked_list_hashmap.c.gcov'

Lines executed:96.46% of 452
make: Leaving directory `/home/jay/Desktop/Mutate/Mutate/CHashMapViaLinkedList'
