
--> MUTATION :: REM2N_0.c

make: Entering directory `/home/jay/Desktop/Mutate/large-put/bitlbee'
make[1]: Entering directory `/home/jay/Desktop/Mutate/large-put/bitlbee/lib'
rm -f *.o  core
make[1]: Leaving directory `/home/jay/Desktop/Mutate/large-put/bitlbee/lib'
make[1]: Entering directory `/home/jay/Desktop/Mutate/large-put/bitlbee/protocols'
make[2]: Entering directory `/home/jay/Desktop/Mutate/large-put/bitlbee/protocols/msn'
rm -f *.o core
make[2]: Leaving directory `/home/jay/Desktop/Mutate/large-put/bitlbee/protocols/msn'
make[2]: Entering directory `/home/jay/Desktop/Mutate/large-put/bitlbee/protocols/jabber'
rm -f *.o core
make[2]: Leaving directory `/home/jay/Desktop/Mutate/large-put/bitlbee/protocols/jabber'
make[2]: Entering directory `/home/jay/Desktop/Mutate/large-put/bitlbee/protocols/oscar'
rm -f *.o core
make[2]: Leaving directory `/home/jay/Desktop/Mutate/large-put/bitlbee/protocols/oscar'
make[2]: Entering directory `/home/jay/Desktop/Mutate/large-put/bitlbee/protocols/yahoo'
rm -f *.o core
make[2]: Leaving directory `/home/jay/Desktop/Mutate/large-put/bitlbee/protocols/yahoo'
make[2]: Entering directory `/home/jay/Desktop/Mutate/large-put/bitlbee/protocols/twitter'
rm -f *.o core
make[2]: Leaving directory `/home/jay/Desktop/Mutate/large-put/bitlbee/protocols/twitter'
rm -f *.o  core
make[1]: Leaving directory `/home/jay/Desktop/Mutate/large-put/bitlbee/protocols'
rm -f *.o bitlbee core utils/bitlbeed init/bitlbee*.service
make -C tests clean
make[1]: Entering directory `/home/jay/Desktop/Mutate/large-put/bitlbee/tests'
rm -f check *.o
make[1]: Leaving directory `/home/jay/Desktop/Mutate/large-put/bitlbee/tests'
make: Leaving directory `/home/jay/Desktop/Mutate/large-put/bitlbee'

--> MUTATION :: REM2N_0.c

make: Entering directory `/home/jay/Desktop/Mutate/large-put/bitlbee'
* Compiling bitlbee.c
* Compiling dcc.c
* Compiling help.c
* Compiling ipc.c
* Compiling irc.c
* Compiling irc_im.c
* Compiling irc_channel.c
* Compiling irc_commands.c
* Compiling irc_send.c
* Compiling irc_user.c
* Compiling irc_util.c
* Compiling nick.c
* Compiling query.c
* Compiling root_commands.c
* Compiling set.c
* Compiling storage.c
* Compiling storage_xml.c
* Compiling unix.c
unix.c: In function ‘main’:
unix.c:156:10: warning: ignoring return value of ‘setgid’, declared with attribute warn_unused_result [-Wunused-result]
    setgid( pw->pw_gid );
          ^
unix.c:157:10: warning: ignoring return value of ‘setuid’, declared with attribute warn_unused_result [-Wunused-result]
    setuid( pw->pw_uid );
          ^
* Compiling conf.c
* Compiling log.c
make[1]: Entering directory `/home/jay/Desktop/Mutate/large-put/bitlbee/lib'
* Compiling arc.c
* Compiling base64.c
* Compiling events_glib.c
* Compiling ftutil.c
* Compiling http_client.c
* Compiling ini.c
* Compiling json.c
* Compiling json_util.c
* Compiling md5.c
* Compiling misc.c
* Compiling oauth.c
* Compiling oauth2.c
* Compiling proxy.c
* Compiling sha1.c
* Compiling ssl_gnutls.c
* Compiling url.c
* Compiling xmltree.c
* Linking lib.o
make[1]: Leaving directory `/home/jay/Desktop/Mutate/large-put/bitlbee/lib'
make[1]: Entering directory `/home/jay/Desktop/Mutate/large-put/bitlbee/protocols'
* Compiling account.c
* Compiling bee.c
* Compiling bee_chat.c
* Compiling bee_ft.c
* Compiling bee_user.c
* Compiling nogaim.c
make[2]: Entering directory `/home/jay/Desktop/Mutate/large-put/bitlbee/protocols/msn'
* Compiling msn.c
* Compiling msn_util.c
msn_util.c: In function ‘msn_handler’:
msn_util.c:274:8: warning: ignoring return value of ‘write’, declared with attribute warn_unused_result [-Wunused-result]
   write( 2, "->C:", 4 );
        ^
msn_util.c:275:8: warning: ignoring return value of ‘write’, declared with attribute warn_unused_result [-Wunused-result]
   write( 2, h->rxq + h->rxlen - st, st );
        ^
* Compiling ns.c
* Compiling sb.c
* Compiling soap.c
soap.c: In function ‘msn_soap_debug_print’:
soap.c:224:9: warning: ignoring return value of ‘write’, declared with attribute warn_unused_result [-Wunused-result]
    write( 2, headers, s - headers + 4 );
         ^
soap.c:226:9: warning: ignoring return value of ‘write’, declared with attribute warn_unused_result [-Wunused-result]
    write( 2, headers, strlen( headers ) );
         ^
* Compiling tables.c
* Linking msn_mod.o
make[2]: Leaving directory `/home/jay/Desktop/Mutate/large-put/bitlbee/protocols/msn'
make[2]: Entering directory `/home/jay/Desktop/Mutate/large-put/bitlbee/protocols/jabber'
* Compiling conference.c
* Compiling io.c
* Compiling iq.c
* Compiling jabber.c
* Compiling jabber_util.c
* Compiling message.c
* Compiling presence.c
* Compiling s5bytestream.c
* Compiling sasl.c
* Compiling si.c
* Linking jabber_mod.o
make[2]: Leaving directory `/home/jay/Desktop/Mutate/large-put/bitlbee/protocols/jabber'
make[2]: Entering directory `/home/jay/Desktop/Mutate/large-put/bitlbee/protocols/oscar'
* Compiling admin.c
* Compiling auth.c
* Compiling bos.c
* Compiling buddylist.c
* Compiling chat.c
* Compiling chatnav.c
* Compiling conn.c
* Compiling icq.c
* Compiling im.c
* Compiling info.c
* Compiling misc.c
* Compiling msgcookie.c
* Compiling rxhandlers.c
* Compiling rxqueue.c
* Compiling search.c
* Compiling service.c
* Compiling snac.c
* Compiling ssi.c
* Compiling stats.c
* Compiling tlv.c
* Compiling txqueue.c
* Compiling oscar_util.c
* Compiling oscar.c
* Linking oscar_mod.o
make[2]: Leaving directory `/home/jay/Desktop/Mutate/large-put/bitlbee/protocols/oscar'
make[2]: Entering directory `/home/jay/Desktop/Mutate/large-put/bitlbee/protocols/yahoo'
* Compiling yahoo.c
* Compiling libyahoo2.c
* Compiling yahoo_httplib.c
* Compiling yahoo_util.c
* Linking yahoo_mod.o
make[2]: Leaving directory `/home/jay/Desktop/Mutate/large-put/bitlbee/protocols/yahoo'
make[2]: Entering directory `/home/jay/Desktop/Mutate/large-put/bitlbee/protocols/twitter'
* Compiling twitter.c
* Compiling twitter_http.c
* Compiling twitter_lib.c
* Linking twitter_mod.o
make[2]: Leaving directory `/home/jay/Desktop/Mutate/large-put/bitlbee/protocols/twitter'
* Linking protocols.o
make[1]: Leaving directory `/home/jay/Desktop/Mutate/large-put/bitlbee/protocols'
* Linking bitlbee
* Stripping bitlbee
make -C doc
make[1]: Entering directory `/home/jay/Desktop/Mutate/large-put/bitlbee/doc'
# Only build the docs if this is a bzr checkout
test ! -d ../.bzr || make -C user-guide
make[1]: Leaving directory `/home/jay/Desktop/Mutate/large-put/bitlbee/doc'
make -C tests
make[1]: Entering directory `/home/jay/Desktop/Mutate/large-put/bitlbee/tests'
* Compiling check.c
check.c: In function ‘gettime’:
check.c:38:2: warning: implicit declaration of function ‘gettimeofday’ [-Wimplicit-function-declaration]
  gettimeofday( time, 0 );
  ^
check.c: In function ‘main’:
check.c:84:6: warning: unused variable ‘i’ [-Wunused-variable]
  int i;
      ^
* Compiling check_util.c
* Compiling check_nick.c
* Compiling check_md5.c
check_md5.c: In function ‘check_sums’:
check_md5.c:39:7: warning: unused variable ‘di’ [-Wunused-variable]
   int di;
       ^
* Compiling check_arc.c
check_arc.c: In function ‘check_decod’:
check_arc.c:85:7: warning: variable ‘len’ set but not used [-Wunused-but-set-variable]
   int len;
       ^
* Compiling check_irc.c
check_irc.c: In function ‘test_login’:
check_irc.c:30:10: warning: unused variable ‘error’ [-Wunused-variable]
  GError *error = NULL;
          ^
* Compiling check_help.c
check_help.c: In function ‘test_help_nonexistent’:
check_help.c:20:14: warning: variable ‘r’ set but not used [-Wunused-but-set-variable]
  help_t *h, *r;
              ^
* Compiling check_user.c
* Compiling check_set.c
check_set.c: In function ‘test_set_find_unknown’:
check_set.c:28:20: warning: unused variable ‘t’ [-Wunused-variable]
  set_t *s = NULL, *t;
                    ^
check_set.c: In function ‘test_set_get_str_value’:
check_set.c:71:20: warning: variable ‘t’ set but not used [-Wunused-but-set-variable]
  set_t *s = NULL, *t;
                    ^
check_set.c: In function ‘test_setint’:
check_set.c:84:20: warning: variable ‘t’ set but not used [-Wunused-but-set-variable]
  set_t *s = NULL, *t;
                    ^
check_set.c: In function ‘test_setstr’:
check_set.c:92:20: warning: variable ‘t’ set but not used [-Wunused-but-set-variable]
  set_t *s = NULL, *t;
                    ^
* Compiling check_jabber_sasl.c
check_jabber_sasl.c: In function ‘check_get_part’:
check_jabber_sasl.c:89:7: warning: unused variable ‘len’ [-Wunused-variable]
   int len;
       ^
* Compiling check_jabber_util.c
* Linking check
./check 
Warning: Unable to read configuration file `(null)'.
Running suite(s): Util
 Nick
 MD5
 ArcFour
 IRC
 Help
 User
 Set
 jabber/sasl
 jabber/util
100%: Checks: 34, Failures: 0, Errors: 0
make[1]: Leaving directory `/home/jay/Desktop/Mutate/large-put/bitlbee/tests'
make: Leaving directory `/home/jay/Desktop/Mutate/large-put/bitlbee'

--> MUTATION :: RMNA_10.c

make: Entering directory `/home/jay/Desktop/Mutate/large-put/bitlbee'
make[1]: Entering directory `/home/jay/Desktop/Mutate/large-put/bitlbee/lib'
rm -f *.o  core
make[1]: Leaving directory `/home/jay/Desktop/Mutate/large-put/bitlbee/lib'
make[1]: Entering directory `/home/jay/Desktop/Mutate/large-put/bitlbee/protocols'
make[2]: Entering directory `/home/jay/Desktop/Mutate/large-put/bitlbee/protocols/msn'
rm -f *.o core
make[2]: Leaving directory `/home/jay/Desktop/Mutate/large-put/bitlbee/protocols/msn'
make[2]: Entering directory `/home/jay/Desktop/Mutate/large-put/bitlbee/protocols/jabber'
rm -f *.o core
make[2]: Leaving directory `/home/jay/Desktop/Mutate/large-put/bitlbee/protocols/jabber'
make[2]: Entering directory `/home/jay/Desktop/Mutate/large-put/bitlbee/protocols/oscar'
rm -f *.o core
make[2]: Leaving directory `/home/jay/Desktop/Mutate/large-put/bitlbee/protocols/oscar'
make[2]: Entering directory `/home/jay/Desktop/Mutate/large-put/bitlbee/protocols/yahoo'
rm -f *.o core
make[2]: Leaving directory `/home/jay/Desktop/Mutate/large-put/bitlbee/protocols/yahoo'
make[2]: Entering directory `/home/jay/Desktop/Mutate/large-put/bitlbee/protocols/twitter'
rm -f *.o core
make[2]: Leaving directory `/home/jay/Desktop/Mutate/large-put/bitlbee/protocols/twitter'
rm -f *.o  core
make[1]: Leaving directory `/home/jay/Desktop/Mutate/large-put/bitlbee/protocols'
rm -f *.o bitlbee core utils/bitlbeed init/bitlbee*.service
make -C tests clean
make[1]: Entering directory `/home/jay/Desktop/Mutate/large-put/bitlbee/tests'
rm -f check *.o
make[1]: Leaving directory `/home/jay/Desktop/Mutate/large-put/bitlbee/tests'
make: Leaving directory `/home/jay/Desktop/Mutate/large-put/bitlbee'

--> MUTATION :: RMNA_10.c

make: Entering directory `/home/jay/Desktop/Mutate/large-put/bitlbee'
* Compiling bitlbee.c
* Compiling dcc.c
* Compiling help.c
* Compiling ipc.c
* Compiling irc.c
* Compiling irc_im.c
* Compiling irc_channel.c
* Compiling irc_commands.c
* Compiling irc_send.c
* Compiling irc_user.c
* Compiling irc_util.c
* Compiling nick.c
* Compiling query.c
* Compiling root_commands.c
* Compiling set.c
* Compiling storage.c
* Compiling storage_xml.c
* Compiling unix.c
unix.c: In function ‘main’:
unix.c:156:10: warning: ignoring return value of ‘setgid’, declared with attribute warn_unused_result [-Wunused-result]
    setgid( pw->pw_gid );
          ^
unix.c:157:10: warning: ignoring return value of ‘setuid’, declared with attribute warn_unused_result [-Wunused-result]
    setuid( pw->pw_uid );
          ^
* Compiling conf.c
* Compiling log.c
make[1]: Entering directory `/home/jay/Desktop/Mutate/large-put/bitlbee/lib'
* Compiling arc.c
* Compiling base64.c
* Compiling events_glib.c
* Compiling ftutil.c
* Compiling http_client.c
* Compiling ini.c
* Compiling json.c
* Compiling json_util.c
* Compiling md5.c
* Compiling misc.c
make[1]: *** [misc.o] Interrupt
make: *** [lib] Interrupt
